<?xml version="1.0" encoding="UTF-8"?>
<testng-results ignored="0" total="1" passed="1" failed="0" skipped="0">
  <reporter-output>
  </reporter-output>
  <suite started-at="2023-09-03T01:15:09 IST" name="Suite" finished-at="2023-09-03T01:16:13 IST" duration-ms="64104">
    <groups>
    </groups>
    <test started-at="2023-09-03T01:15:09 IST" name="Test" finished-at="2023-09-03T01:16:13 IST" duration-ms="64104">
      <class name="TestCases.BookFlight">
        <test-method is-config="true" signature="CreateDir()[pri:0, instance:TestCases.BookFlight@78452606]" started-at="2023-09-03T01:15:09 IST" name="CreateDir" finished-at="2023-09-03T01:15:09 IST" duration-ms="73" status="PASS">
          <reporter-output>
          </reporter-output>
        </test-method> <!-- CreateDir -->
        <test-method is-config="true" signature="setupReport()[pri:0, instance:TestCases.BookFlight@78452606]" started-at="2023-09-03T01:15:09 IST" name="setupReport" finished-at="2023-09-03T01:15:10 IST" duration-ms="512" status="PASS">
          <reporter-output>
          </reporter-output>
        </test-method> <!-- setupReport -->
        <test-method is-config="true" signature="launchBrowser()[pri:0, instance:TestCases.BookFlight@78452606]" started-at="2023-09-03T01:15:10 IST" name="launchBrowser" finished-at="2023-09-03T01:15:23 IST" duration-ms="13393" status="PASS">
          <reporter-output>
          </reporter-output>
        </test-method> <!-- launchBrowser -->
        <test-method is-config="true" signature="register(java.lang.reflect.Method)[pri:0, instance:TestCases.BookFlight@78452606]" started-at="2023-09-03T01:15:23 IST" name="register" finished-at="2023-09-03T01:15:23 IST" duration-ms="48" status="PASS">
          <params>
            <param index="0">
              <value>
                <![CDATA[public void TestCases.BookFlight.Validate() throws java.lang.Exception]]>
              </value>
            </param>
          </params>
          <reporter-output>
          </reporter-output>
        </test-method> <!-- register -->
        <test-method signature="Validate()[pri:0, instance:TestCases.BookFlight@78452606]" started-at="2023-09-03T01:15:24 IST" name="Validate" description="This is login validate" finished-at="2023-09-03T01:16:03 IST" duration-ms="38436" status="PASS">
          <reporter-output>
          </reporter-output>
        </test-method> <!-- Validate -->
        <test-method is-config="true" signature="getResult(org.testng.ITestResult)[pri:0, instance:TestCases.BookFlight@78452606]" started-at="2023-09-03T01:16:03 IST" name="getResult" finished-at="2023-09-03T01:16:09 IST" duration-ms="5337" status="PASS">
          <params>
            <param index="0">
              <value>
                <![CDATA[[TestResult name=Validate status=SUCCESS method=BookFlight.Validate()[pri:0, instance:TestCases.BookFlight@78452606] output={null}]]]>
              </value>
            </param>
          </params>
          <reporter-output>
          </reporter-output>
        </test-method> <!-- getResult -->
        <test-method is-config="true" signature="tearDown()[pri:0, instance:TestCases.BookFlight@78452606]" started-at="2023-09-03T01:16:09 IST" name="tearDown" finished-at="2023-09-03T01:16:13 IST" duration-ms="4439" status="PASS">
          <reporter-output>
          </reporter-output>
        </test-method> <!-- tearDown -->
      </class> <!-- TestCases.BookFlight -->
    </test> <!-- Test -->
  </suite> <!-- Suite -->
</testng-results>
