<?xml version="1.0" encoding="UTF-8"?>
<testng-results ignored="0" total="1" passed="1" failed="0" skipped="0">
  <reporter-output>
  </reporter-output>
  <suite started-at="2023-09-07T18:26:28 IST" name="Suite" finished-at="2023-09-07T18:27:14 IST" duration-ms="45962">
    <groups>
    </groups>
    <test started-at="2023-09-07T18:26:28 IST" name="Test" finished-at="2023-09-07T18:27:14 IST" duration-ms="45962">
      <class name="TestCases.BookFlight">
        <test-method is-config="true" signature="CreateDir()[pri:0, instance:TestCases.BookFlight@7b50df34]" started-at="2023-09-07T18:26:28 IST" name="CreateDir" finished-at="2023-09-07T18:26:28 IST" duration-ms="41" status="PASS">
          <reporter-output>
          </reporter-output>
        </test-method> <!-- CreateDir -->
        <test-method is-config="true" signature="setupReport()[pri:0, instance:TestCases.BookFlight@7b50df34]" started-at="2023-09-07T18:26:28 IST" name="setupReport" finished-at="2023-09-07T18:26:28 IST" duration-ms="324" status="PASS">
          <reporter-output>
          </reporter-output>
        </test-method> <!-- setupReport -->
        <test-method is-config="true" signature="launchBrowser()[pri:0, instance:TestCases.BookFlight@7b50df34]" started-at="2023-09-07T18:26:28 IST" name="launchBrowser" finished-at="2023-09-07T18:26:37 IST" duration-ms="9387" status="PASS">
          <reporter-output>
          </reporter-output>
        </test-method> <!-- launchBrowser -->
        <test-method is-config="true" signature="register(java.lang.reflect.Method)[pri:0, instance:TestCases.BookFlight@7b50df34]" started-at="2023-09-07T18:26:37 IST" name="register" finished-at="2023-09-07T18:26:37 IST" duration-ms="20" status="PASS">
          <params>
            <param index="0">
              <value>
                <![CDATA[public void TestCases.BookFlight.Validate() throws java.lang.Exception]]>
              </value>
            </param>
          </params>
          <reporter-output>
          </reporter-output>
        </test-method> <!-- register -->
        <test-method signature="Validate()[pri:0, instance:TestCases.BookFlight@7b50df34]" started-at="2023-09-07T18:26:38 IST" name="Validate" description="This is login validate" finished-at="2023-09-07T18:27:06 IST" duration-ms="27923" status="PASS">
          <reporter-output>
          </reporter-output>
        </test-method> <!-- Validate -->
        <test-method is-config="true" signature="getResult(org.testng.ITestResult)[pri:0, instance:TestCases.BookFlight@7b50df34]" started-at="2023-09-07T18:27:06 IST" name="getResult" finished-at="2023-09-07T18:27:09 IST" duration-ms="3288" status="PASS">
          <params>
            <param index="0">
              <value>
                <![CDATA[[TestResult name=Validate status=SUCCESS method=BookFlight.Validate()[pri:0, instance:TestCases.BookFlight@7b50df34] output={null}]]]>
              </value>
            </param>
          </params>
          <reporter-output>
          </reporter-output>
        </test-method> <!-- getResult -->
        <test-method is-config="true" signature="tearDown()[pri:0, instance:TestCases.BookFlight@7b50df34]" started-at="2023-09-07T18:27:10 IST" name="tearDown" finished-at="2023-09-07T18:27:14 IST" duration-ms="4006" status="PASS">
          <reporter-output>
          </reporter-output>
        </test-method> <!-- tearDown -->
      </class> <!-- TestCases.BookFlight -->
    </test> <!-- Test -->
  </suite> <!-- Suite -->
</testng-results>
