<?xml version="1.0" encoding="UTF-8"?>
<testng-results ignored="0" total="1" passed="1" failed="0" skipped="0">
  <reporter-output>
  </reporter-output>
  <suite started-at="2023-09-02T22:23:35 IST" name="Suite" finished-at="2023-09-02T22:24:26 IST" duration-ms="50601">
    <groups>
    </groups>
    <test started-at="2023-09-02T22:23:35 IST" name="Test" finished-at="2023-09-02T22:24:26 IST" duration-ms="50601">
      <class name="TestCases.BookFlight">
        <test-method is-config="true" signature="CreateDir()[pri:0, instance:TestCases.BookFlight@7b50df34]" started-at="2023-09-02T22:23:35 IST" name="CreateDir" finished-at="2023-09-02T22:23:35 IST" duration-ms="127" status="PASS">
          <reporter-output>
          </reporter-output>
        </test-method> <!-- CreateDir -->
        <test-method is-config="true" signature="setupReport()[pri:0, instance:TestCases.BookFlight@7b50df34]" started-at="2023-09-02T22:23:35 IST" name="setupReport" finished-at="2023-09-02T22:23:36 IST" duration-ms="696" status="PASS">
          <reporter-output>
          </reporter-output>
        </test-method> <!-- setupReport -->
        <test-method is-config="true" signature="launchBrowser()[pri:0, instance:TestCases.BookFlight@7b50df34]" started-at="2023-09-02T22:23:36 IST" name="launchBrowser" finished-at="2023-09-02T22:23:49 IST" duration-ms="13194" status="PASS">
          <reporter-output>
          </reporter-output>
        </test-method> <!-- launchBrowser -->
        <test-method is-config="true" signature="register(java.lang.reflect.Method)[pri:0, instance:TestCases.BookFlight@7b50df34]" started-at="2023-09-02T22:23:49 IST" name="register" finished-at="2023-09-02T22:23:49 IST" duration-ms="30" status="PASS">
          <params>
            <param index="0">
              <value>
                <![CDATA[public void TestCases.BookFlight.Validate() throws java.lang.Exception]]>
              </value>
            </param>
          </params>
          <reporter-output>
          </reporter-output>
        </test-method> <!-- register -->
        <test-method signature="Validate()[pri:0, instance:TestCases.BookFlight@7b50df34]" started-at="2023-09-02T22:23:50 IST" name="Validate" description="This is login validate" finished-at="2023-09-02T22:24:18 IST" duration-ms="28331" status="PASS">
          <reporter-output>
          </reporter-output>
        </test-method> <!-- Validate -->
        <test-method is-config="true" signature="getResult(org.testng.ITestResult)[pri:0, instance:TestCases.BookFlight@7b50df34]" started-at="2023-09-02T22:24:19 IST" name="getResult" finished-at="2023-09-02T22:24:23 IST" duration-ms="4047" status="PASS">
          <params>
            <param index="0">
              <value>
                <![CDATA[[TestResult name=Validate status=SUCCESS method=BookFlight.Validate()[pri:0, instance:TestCases.BookFlight@7b50df34] output={null}]]]>
              </value>
            </param>
          </params>
          <reporter-output>
          </reporter-output>
        </test-method> <!-- getResult -->
        <test-method is-config="true" signature="tearDown()[pri:0, instance:TestCases.BookFlight@7b50df34]" started-at="2023-09-02T22:24:23 IST" name="tearDown" finished-at="2023-09-02T22:24:26 IST" duration-ms="2335" status="PASS">
          <reporter-output>
          </reporter-output>
        </test-method> <!-- tearDown -->
      </class> <!-- TestCases.BookFlight -->
    </test> <!-- Test -->
  </suite> <!-- Suite -->
</testng-results>
